#
# A fatal error has been detected by the Java Runtime Environment:
#
#  SIGSEGV (0xb) at pc=0x000000012a08550c, pid=33094, tid=32771
#
# JRE version: Java(TM) SE Runtime Environment (8.0_40-b27) (build 1.8.0_40-b27)
# Java VM: Java HotSpot(TM) 64-Bit Server VM (25.40-b25 mixed mode bsd-amd64 compressed oops)
# Problematic frame:
# C  [librocksdbjni1649926687992354994..jnilib+0x1050c]  rocksdb_put_helper(JNIEnv_*, rocksdb::DB*, rocksdb::WriteOptions const&, rocksdb::ColumnFamilyHandle*, _jbyteArray*, int, _jbyteArray*, int)+0xbc
#
# Failed to write core dump. Core dumps have been disabled. To enable core dumping, try "ulimit -c unlimited" before starting Java again
#
# If you would like to submit a bug report, please visit:
#   http://bugreport.java.com/bugreport/crash.jsp
# The crash happened outside the Java Virtual Machine in native code.
# See problematic frame for where to report the bug.
#

---------------  T H R E A D  ---------------

Current thread (0x00007fa8c6a93800):  JavaThread "http-nio-9000-exec-3" daemon [_thread_in_native, id=32771, stack(0x0000700002c1b000,0x0000700002d1b000)]

siginfo: si_signo: 11 (SIGSEGV), si_code: 1 (SEGV_MAPERR), si_addr: 0x0000000000000000

Registers:
RAX=0x0000000000000006, RBX=0x00007fa8c6489240, RCX=0x0000000000000002, RDX=0x0000000000000004
RSP=0x0000700002d17b60, RBP=0x0000700002d17c00, RSI=0x0000000000000007, RDI=0x0000700002d17b00
R8 =0x0000000000000006, R9 =0x0000000000000000, R10=0x0000000000000001, R11=0x00007fa128a9f098
R12=0x00007fa8c6489230, R13=0x0000000000000000, R14=0x00007fa8c6a939f8, R15=0x0000000000000000
RIP=0x000000012a08550c, EFLAGS=0x0000000000010246, ERR=0x0000000000000004
  TRAPNO=0x000000000000000e

Top of Stack: (sp=0x0000700002d17b60)
0x0000700002d17b60:   0000700000000006 00007fa8c6489230
0x0000700002d17b70:   0000700002d17d10 000000012a34ad70
0x0000700002d17b80:   00007fff741d7148 0000000000000000
0x0000700002d17b90:   0000000100000000 0000000000000000
0x0000700002d17ba0:   0000000002d17bf0 00007fff741d7164
0x0000700002d17bb0:   0000700002d17bd0 00007fa8c6489240
0x0000700002d17bc0:   0000000000000006 00007fa8c6489230
0x0000700002d17bd0:   0000000000000002 0000700002d17d00
0x0000700002d17be0:   0000000000000000 00007fa8c6a939f8
0x0000700002d17bf0:   0000000000000002 0000700002d17d10
0x0000700002d17c00:   0000700002d17c50 000000012a0856e1
0x0000700002d17c10:   0000700002d17d00 0000000100000006
0x0000700002d17c20:   000000012708aec8 000000012708aec8
0x0000700002d17c30:   0000000000000000 000000012708aec0
0x0000700002d17c40:   0000700002d17d28 00007fa8c6a93800
0x0000700002d17c50:   0000700002d17cd8 000000010f77e954
0x0000700002d17c60:   00007fa800000006 00007fa8c6a93800
0x0000700002d17c70:   000000012708aec8 0000700002d17d28
0x0000700002d17c80:   0000700002d17cd8 000000010f77e6e7
0x0000700002d17c90:   000000010f77e6a2 0000700002d17c98
0x0000700002d17ca0:   000000012708aec0 0000700002d17d28
0x0000700002d17cb0:   0000000128ee0a18 0000000000000000
0x0000700002d17cc0:   000000012708aec8 0000000000000000
0x0000700002d17cd0:   0000700002d17cf8 0000700002d17d70
0x0000700002d17ce0:   000000010f770c4d 0000000000000000
0x0000700002d17cf0:   000000010f778578 0000000000000006
0x0000700002d17d00:   000000079d9ea198 0000000000000002
0x0000700002d17d10:   000000079d9ea158 0000000000000000
0x0000700002d17d20:   000000079d9d21c0 000000079d9d21c0
0x0000700002d17d30:   0000700002d17d30 0000000127088203
0x0000700002d17d40:   0000700002d17d90 0000000128ee0a18
0x0000700002d17d50:   0000000000000000 0000000127088218 

Instructions: (pc=0x000000012a08550c)
0x000000012a0854ec:   d0 4c 8b 7d a8 48 8b 7d b0 4d 89 fc 49 c1 ec 20
0x000000012a0854fc:   48 85 ff 74 5e e8 fa 20 1f 00 48 8b 7d b0 eb 43
0x000000012a08550c:   49 8b 45 00 48 8b 40 28 31 c9 48 89 4d 80 48 8d
0x000000012a08551c:   7d 98 48 8d 4d c8 4c 8d 45 b8 4c 89 ee 48 8b 95 

Register to memory mapping:

RAX=0x0000000000000006 is an unknown value
RBX=0x00007fa8c6489240 is an unknown value
RCX=0x0000000000000002 is an unknown value
RDX=0x0000000000000004 is an unknown value
RSP=0x0000700002d17b60 is pointing into the stack for thread: 0x00007fa8c6a93800
RBP=0x0000700002d17c00 is pointing into the stack for thread: 0x00007fa8c6a93800
RSI=0x0000000000000007 is an unknown value
RDI=0x0000700002d17b00 is pointing into the stack for thread: 0x00007fa8c6a93800
R8 =0x0000000000000006 is an unknown value
R9 =0x0000000000000000 is an unknown value
R10=0x0000000000000001 is an unknown value
R11=0x00007fa128a9f098 is an unknown value
R12=0x00007fa8c6489230 is an unknown value
R13=0x0000000000000000 is an unknown value
R14=0x00007fa8c6a939f8 is an unknown value
R15=0x0000000000000000 is an unknown value


Stack: [0x0000700002c1b000,0x0000700002d1b000],  sp=0x0000700002d17b60,  free space=1010k
Native frames: (J=compiled Java code, j=interpreted, Vv=VM code, C=native code)
C  [librocksdbjni1649926687992354994..jnilib+0x1050c]  rocksdb_put_helper(JNIEnv_*, rocksdb::DB*, rocksdb::WriteOptions const&, rocksdb::ColumnFamilyHandle*, _jbyteArray*, int, _jbyteArray*, int)+0xbc
C  [librocksdbjni1649926687992354994..jnilib+0x106e1]  Java_org_rocksdb_RocksDB_put__J_3BI_3BI+0x91
j  org.rocksdb.RocksDB.put(J[BI[BI)V+0
j  org.rocksdb.RocksDB.put([B[B)V+11
j  hello.RocksDbController.set(Ljava/lang/String;Ljava/lang/String;)Ljava/lang/String;+89
v  ~StubRoutines::call_stub
V  [libjvm.dylib+0x2e036e]  JavaCalls::call_helper(JavaValue*, methodHandle*, JavaCallArguments*, Thread*)+0x6ae
V  [libjvm.dylib+0x4b4152]  Reflection::invoke(instanceKlassHandle, methodHandle, Handle, bool, objArrayHandle, BasicType, objArrayHandle, bool, Thread*)+0xdf8
V  [libjvm.dylib+0x4b466c]  Reflection::invoke_method(oopDesc*, Handle, objArrayHandle, Thread*)+0x16c
V  [libjvm.dylib+0x330544]  JVM_InvokeMethod+0x166
J 2372  sun.reflect.NativeMethodAccessorImpl.invoke0(Ljava/lang/reflect/Method;Ljava/lang/Object;[Ljava/lang/Object;)Ljava/lang/Object; (0 bytes) @ 0x000000010ff0f4ed [0x000000010ff0f400+0xed]
J 2371 C1 sun.reflect.NativeMethodAccessorImpl.invoke(Ljava/lang/Object;[Ljava/lang/Object;)Ljava/lang/Object; (104 bytes) @ 0x000000010ff0fbec [0x000000010ff0f820+0x3cc]

Java frames: (J=compiled Java code, j=interpreted, Vv=VM code)
j  org.rocksdb.RocksDB.put(J[BI[BI)V+0
j  org.rocksdb.RocksDB.put([B[B)V+11
j  hello.RocksDbController.set(Ljava/lang/String;Ljava/lang/String;)Ljava/lang/String;+89
v  ~StubRoutines::call_stub
J 2372  sun.reflect.NativeMethodAccessorImpl.invoke0(Ljava/lang/reflect/Method;Ljava/lang/Object;[Ljava/lang/Object;)Ljava/lang/Object; (0 bytes) @ 0x000000010ff0f477 [0x000000010ff0f400+0x77]
J 2371 C1 sun.reflect.NativeMethodAccessorImpl.invoke(Ljava/lang/Object;[Ljava/lang/Object;)Ljava/lang/Object; (104 bytes) @ 0x000000010ff0fbec [0x000000010ff0f820+0x3cc]
J 5917 C2 java.lang.reflect.Method.invoke(Ljava/lang/Object;[Ljava/lang/Object;)Ljava/lang/Object; (62 bytes) @ 0x00000001106474b0 [0x0000000110647400+0xb0]
j  org.springframework.web.method.support.InvocableHandlerMethod.doInvoke([Ljava/lang/Object;)Ljava/lang/Object;+16
j  org.springframework.web.method.support.InvocableHandlerMethod.invokeForRequest(Lorg/springframework/web/context/request/NativeWebRequest;Lorg/springframework/web/method/support/ModelAndViewContainer;[Ljava/lang/Object;)Ljava/lang/Object;+75
j  org.springframework.web.servlet.mvc.method.annotation.ServletInvocableHandlerMethod.invokeAndHandle(Lorg/springframework/web/context/request/ServletWebRequest;Lorg/springframework/web/method/support/ModelAndViewContainer;[Ljava/lang/Object;)V+4
j  org.springframework.web.servlet.mvc.method.annotation.RequestMappingHandlerAdapter.invokeHandlerMethod(Ljavax/servlet/http/HttpServletRequest;Ljavax/servlet/http/HttpServletResponse;Lorg/springframework/web/method/HandlerMethod;)Lorg/springframework/web/servlet/ModelAndView;+262
j  org.springframework.web.servlet.mvc.method.annotation.RequestMappingHandlerAdapter.handleInternal(Ljavax/servlet/http/HttpServletRequest;Ljavax/servlet/http/HttpServletResponse;Lorg/springframework/web/method/HandlerMethod;)Lorg/springframework/web/servlet/ModelAndView;+81
j  org.springframework.web.servlet.mvc.method.AbstractHandlerMethodAdapter.handle(Ljavax/servlet/http/HttpServletRequest;Ljavax/servlet/http/HttpServletResponse;Ljava/lang/Object;)Lorg/springframework/web/servlet/ModelAndView;+7
j  org.springframework.web.servlet.DispatcherServlet.doDispatch(Ljavax/servlet/http/HttpServletRequest;Ljavax/servlet/http/HttpServletResponse;)V+318
j  org.springframework.web.servlet.DispatcherServlet.doService(Ljavax/servlet/http/HttpServletRequest;Ljavax/servlet/http/HttpServletResponse;)V+301
j  org.springframework.web.servlet.FrameworkServlet.processRequest(Ljavax/servlet/http/HttpServletRequest;Ljavax/servlet/http/HttpServletResponse;)V+71
j  org.springframework.web.servlet.FrameworkServlet.doGet(Ljavax/servlet/http/HttpServletRequest;Ljavax/servlet/http/HttpServletResponse;)V+3
j  javax.servlet.http.HttpServlet.service(Ljavax/servlet/http/HttpServletRequest;Ljavax/servlet/http/HttpServletResponse;)V+35
j  org.springframework.web.servlet.FrameworkServlet.service(Ljavax/servlet/http/HttpServletRequest;Ljavax/servlet/http/HttpServletResponse;)V+33
j  javax.servlet.http.HttpServlet.service(Ljavax/servlet/ServletRequest;Ljavax/servlet/ServletResponse;)V+30
j  org.apache.catalina.core.ApplicationFilterChain.internalDoFilter(Ljavax/servlet/ServletRequest;Ljavax/servlet/ServletResponse;)V+304
j  org.apache.catalina.core.ApplicationFilterChain.doFilter(Ljavax/servlet/ServletRequest;Ljavax/servlet/ServletResponse;)V+101
j  org.apache.tomcat.websocket.server.WsFilter.doFilter(Ljavax/servlet/ServletRequest;Ljavax/servlet/ServletResponse;Ljavax/servlet/FilterChain;)V+21
j  org.apache.catalina.core.ApplicationFilterChain.internalDoFilter(Ljavax/servlet/ServletRequest;Ljavax/servlet/ServletResponse;)V+135
j  org.apache.catalina.core.ApplicationFilterChain.doFilter(Ljavax/servlet/ServletRequest;Ljavax/servlet/ServletResponse;)V+101
j  org.springframework.boot.web.filter.ApplicationContextHeaderFilter.doFilterInternal(Ljavax/servlet/http/HttpServletRequest;Ljavax/servlet/http/HttpServletResponse;Ljavax/servlet/FilterChain;)V+20
j  org.springframework.web.filter.OncePerRequestFilter.doFilter(Ljavax/servlet/ServletRequest;Ljavax/servlet/ServletResponse;Ljavax/servlet/FilterChain;)V+111
j  org.apache.catalina.core.ApplicationFilterChain.internalDoFilter(Ljavax/servlet/ServletRequest;Ljavax/servlet/ServletResponse;)V+135
j  org.apache.catalina.core.ApplicationFilterChain.doFilter(Ljavax/servlet/ServletRequest;Ljavax/servlet/ServletResponse;)V+101
j  org.springframework.boot.actuate.trace.WebRequestTraceFilter.doFilterInternal(Ljavax/servlet/http/HttpServletRequest;Ljavax/servlet/http/HttpServletResponse;Ljavax/servlet/FilterChain;)V+30
j  org.springframework.web.filter.OncePerRequestFilter.doFilter(Ljavax/servlet/ServletRequest;Ljavax/servlet/ServletResponse;Ljavax/servlet/FilterChain;)V+111
j  org.apache.catalina.core.ApplicationFilterChain.internalDoFilter(Ljavax/servlet/ServletRequest;Ljavax/servlet/ServletResponse;)V+135
j  org.apache.catalina.core.ApplicationFilterChain.doFilter(Ljavax/servlet/ServletRequest;Ljavax/servlet/ServletResponse;)V+101
j  org.springframework.web.filter.RequestContextFilter.doFilterInternal(Ljavax/servlet/http/HttpServletRequest;Ljavax/servlet/http/HttpServletResponse;Ljavax/servlet/FilterChain;)V+21
j  org.springframework.web.filter.OncePerRequestFilter.doFilter(Ljavax/servlet/ServletRequest;Ljavax/servlet/ServletResponse;Ljavax/servlet/FilterChain;)V+111
j  org.apache.catalina.core.ApplicationFilterChain.internalDoFilter(Ljavax/servlet/ServletRequest;Ljavax/servlet/ServletResponse;)V+135
j  org.apache.catalina.core.ApplicationFilterChain.doFilter(Ljavax/servlet/ServletRequest;Ljavax/servlet/ServletResponse;)V+101
j  org.springframework.web.filter.HttpPutFormContentFilter.doFilterInternal(Ljavax/servlet/http/HttpServletRequest;Ljavax/servlet/http/HttpServletResponse;Ljavax/servlet/FilterChain;)V+87
j  org.springframework.web.filter.OncePerRequestFilter.doFilter(Ljavax/servlet/ServletRequest;Ljavax/servlet/ServletResponse;Ljavax/servlet/FilterChain;)V+111
j  org.apache.catalina.core.ApplicationFilterChain.internalDoFilter(Ljavax/servlet/ServletRequest;Ljavax/servlet/ServletResponse;)V+135
j  org.apache.catalina.core.ApplicationFilterChain.doFilter(Ljavax/servlet/ServletRequest;Ljavax/servlet/ServletResponse;)V+101
j  org.springframework.web.filter.HiddenHttpMethodFilter.doFilterInternal(Ljavax/servlet/http/HttpServletRequest;Ljavax/servlet/http/HttpServletResponse;Ljavax/servlet/FilterChain;)V+64
j  org.springframework.web.filter.OncePerRequestFilter.doFilter(Ljavax/servlet/ServletRequest;Ljavax/servlet/ServletResponse;Ljavax/servlet/FilterChain;)V+111
j  org.apache.catalina.core.ApplicationFilterChain.internalDoFilter(Ljavax/servlet/ServletRequest;Ljavax/servlet/ServletResponse;)V+135
j  org.apache.catalina.core.ApplicationFilterChain.doFilter(Ljavax/servlet/ServletRequest;Ljavax/servlet/ServletResponse;)V+101
j  org.springframework.web.filter.CharacterEncodingFilter.doFilterInternal(Ljavax/servlet/http/HttpServletRequest;Ljavax/servlet/http/HttpServletResponse;Ljavax/servlet/FilterChain;)V+53
j  org.springframework.web.filter.OncePerRequestFilter.doFilter(Ljavax/servlet/ServletRequest;Ljavax/servlet/ServletResponse;Ljavax/servlet/FilterChain;)V+111
j  org.apache.catalina.core.ApplicationFilterChain.internalDoFilter(Ljavax/servlet/ServletRequest;Ljavax/servlet/ServletResponse;)V+135
j  org.apache.catalina.core.ApplicationFilterChain.doFilter(Ljavax/servlet/ServletRequest;Ljavax/servlet/ServletResponse;)V+101
j  org.springframework.boot.actuate.autoconfigure.MetricsFilter.doFilterInternal(Ljavax/servlet/http/HttpServletRequest;Ljavax/servlet/http/HttpServletResponse;Ljavax/servlet/FilterChain;)V+31
j  org.springframework.web.filter.OncePerRequestFilter.doFilter(Ljavax/servlet/ServletRequest;Ljavax/servlet/ServletResponse;Ljavax/servlet/FilterChain;)V+111
j  org.apache.catalina.core.ApplicationFilterChain.internalDoFilter(Ljavax/servlet/ServletRequest;Ljavax/servlet/ServletResponse;)V+135
j  org.apache.catalina.core.ApplicationFilterChain.doFilter(Ljavax/servlet/ServletRequest;Ljavax/servlet/ServletResponse;)V+101
j  org.apache.catalina.core.StandardWrapperValve.invoke(Lorg/apache/catalina/connector/Request;Lorg/apache/catalina/connector/Response;)V+688
j  org.apache.catalina.core.StandardContextValve.invoke(Lorg/apache/catalina/connector/Request;Lorg/apache/catalina/connector/Response;)V+166
j  org.apache.catalina.authenticator.AuthenticatorBase.invoke(Lorg/apache/catalina/connector/Request;Lorg/apache/catalina/connector/Response;)V+275
j  org.apache.catalina.core.StandardHostValve.invoke(Lorg/apache/catalina/connector/Request;Lorg/apache/catalina/connector/Response;)V+138
j  org.apache.catalina.valves.ErrorReportValve.invoke(Lorg/apache/catalina/connector/Request;Lorg/apache/catalina/connector/Response;)V+6
j  org.apache.catalina.core.StandardEngineValve.invoke(Lorg/apache/catalina/connector/Request;Lorg/apache/catalina/connector/Response;)V+71
j  org.apache.catalina.connector.CoyoteAdapter.service(Lorg/apache/coyote/Request;Lorg/apache/coyote/Response;)V+199
j  org.apache.coyote.http11.Http11Processor.service(Lorg/apache/tomcat/util/net/SocketWrapperBase;)Lorg/apache/tomcat/util/net/AbstractEndpoint$Handler$SocketState;+806
j  org.apache.coyote.AbstractProcessorLight.process(Lorg/apache/tomcat/util/net/SocketWrapperBase;Lorg/apache/tomcat/util/net/SocketEvent;)Lorg/apache/tomcat/util/net/AbstractEndpoint$Handler$SocketState;+113
j  org.apache.coyote.AbstractProtocol$ConnectionHandler.process(Lorg/apache/tomcat/util/net/SocketWrapperBase;Lorg/apache/tomcat/util/net/SocketEvent;)Lorg/apache/tomcat/util/net/AbstractEndpoint$Handler$SocketState;+378
j  org.apache.tomcat.util.net.NioEndpoint$SocketProcessor.doRun()V+191
j  org.apache.tomcat.util.net.SocketProcessorBase.run()V+21
j  java.util.concurrent.ThreadPoolExecutor.runWorker(Ljava/util/concurrent/ThreadPoolExecutor$Worker;)V+95
j  java.util.concurrent.ThreadPoolExecutor$Worker.run()V+5
j  org.apache.tomcat.util.threads.TaskThread$WrappingRunnable.run()V+4
j  java.lang.Thread.run()V+11
v  ~StubRoutines::call_stub

---------------  P R O C E S S  ---------------

Java Threads: ( => current thread )
  0x00007fa8c7681000 JavaThread "http-nio-9000-AsyncTimeout" daemon [_thread_blocked, id=38403, stack(0x000070000373c000,0x000070000383c000)]
  0x00007fa8c5bc8000 JavaThread "http-nio-9000-Acceptor-0" daemon [_thread_in_native, id=37891, stack(0x0000700003639000,0x0000700003739000)]
  0x00007fa8c7680000 JavaThread "http-nio-9000-ClientPoller-1" daemon [_thread_in_native, id=37379, stack(0x0000700003536000,0x0000700003636000)]
  0x00007fa8c5a27800 JavaThread "http-nio-9000-ClientPoller-0" daemon [_thread_in_native, id=36867, stack(0x0000700003433000,0x0000700003533000)]
  0x00007fa8c85b2000 JavaThread "http-nio-9000-exec-10" daemon [_thread_blocked, id=36355, stack(0x0000700003330000,0x0000700003430000)]
  0x00007fa8c85b1800 JavaThread "http-nio-9000-exec-9" daemon [_thread_blocked, id=35843, stack(0x000070000322d000,0x000070000332d000)]
  0x00007fa8c76e3800 JavaThread "http-nio-9000-exec-8" daemon [_thread_blocked, id=35331, stack(0x000070000312a000,0x000070000322a000)]
  0x00007fa8c80df000 JavaThread "http-nio-9000-exec-7" daemon [_thread_blocked, id=34819, stack(0x0000700003027000,0x0000700003127000)]
  0x00007fa8c76e3000 JavaThread "http-nio-9000-exec-6" daemon [_thread_blocked, id=34307, stack(0x0000700002f24000,0x0000700003024000)]
  0x00007fa8c80de800 JavaThread "http-nio-9000-exec-5" daemon [_thread_blocked, id=33795, stack(0x0000700002e21000,0x0000700002f21000)]
  0x00007fa8c76e2000 JavaThread "http-nio-9000-exec-4" daemon [_thread_blocked, id=33283, stack(0x0000700002d1e000,0x0000700002e1e000)]
=>0x00007fa8c6a93800 JavaThread "http-nio-9000-exec-3" daemon [_thread_in_native, id=32771, stack(0x0000700002c1b000,0x0000700002d1b000)]
  0x00007fa8c76e1800 JavaThread "http-nio-9000-exec-2" daemon [_thread_blocked, id=32259, stack(0x0000700002b18000,0x0000700002c18000)]
  0x00007fa8c8b4b000 JavaThread "http-nio-9000-exec-1" daemon [_thread_blocked, id=31747, stack(0x0000700002a15000,0x0000700002b15000)]
  0x00007fa8c7767800 JavaThread "NioBlockingSelector.BlockPoller-2" daemon [_thread_in_native, id=31235, stack(0x0000700002912000,0x0000700002a12000)]
  0x00007fa8c5bcd000 JavaThread "http-nio-127.0.0.1-9001-AsyncTimeout" daemon [_thread_blocked, id=30723, stack(0x000070000280f000,0x000070000290f000)]
  0x00007fa8c5bcc800 JavaThread "http-nio-127.0.0.1-9001-Acceptor-0" daemon [_thread_in_native, id=30211, stack(0x000070000270c000,0x000070000280c000)]
  0x00007fa8c941d800 JavaThread "http-nio-127.0.0.1-9001-ClientPoller-1" daemon [_thread_in_native, id=29699, stack(0x0000700002609000,0x0000700002709000)]
  0x00007fa8c7155000 JavaThread "http-nio-127.0.0.1-9001-ClientPoller-0" daemon [_thread_in_native, id=29187, stack(0x0000700002506000,0x0000700002606000)]
  0x00007fa8c7152000 JavaThread "http-nio-127.0.0.1-9001-exec-10" daemon [_thread_blocked, id=28675, stack(0x0000700002403000,0x0000700002503000)]
  0x00007fa8c5bcb800 JavaThread "http-nio-127.0.0.1-9001-exec-9" daemon [_thread_blocked, id=28163, stack(0x0000700002300000,0x0000700002400000)]
  0x00007fa8c5760800 JavaThread "http-nio-127.0.0.1-9001-exec-8" daemon [_thread_blocked, id=27651, stack(0x00007000021fd000,0x00007000022fd000)]
  0x00007fa8c7b63800 JavaThread "http-nio-127.0.0.1-9001-exec-7" daemon [_thread_blocked, id=27139, stack(0x00007000020fa000,0x00007000021fa000)]
  0x00007fa8c575f800 JavaThread "http-nio-127.0.0.1-9001-exec-6" daemon [_thread_blocked, id=26627, stack(0x0000700001ff7000,0x00007000020f7000)]
  0x00007fa8c91b6800 JavaThread "http-nio-127.0.0.1-9001-exec-5" daemon [_thread_blocked, id=26115, stack(0x0000700001ef4000,0x0000700001ff4000)]
  0x00007fa8c56af000 JavaThread "http-nio-127.0.0.1-9001-exec-4" daemon [_thread_blocked, id=25603, stack(0x0000700001df1000,0x0000700001ef1000)]
  0x00007fa8c941c000 JavaThread "http-nio-127.0.0.1-9001-exec-3" daemon [_thread_blocked, id=25091, stack(0x0000700001cee000,0x0000700001dee000)]
  0x00007fa8c5a5c800 JavaThread "http-nio-127.0.0.1-9001-exec-2" daemon [_thread_blocked, id=24579, stack(0x0000700001beb000,0x0000700001ceb000)]
  0x00007fa8c56ae000 JavaThread "http-nio-127.0.0.1-9001-exec-1" daemon [_thread_blocked, id=24067, stack(0x0000700001ae8000,0x0000700001be8000)]
  0x00007fa8c7159000 JavaThread "NioBlockingSelector.BlockPoller-1" daemon [_thread_in_native, id=23555, stack(0x00007000019e5000,0x0000700001ae5000)]
  0x00007fa8c9429000 JavaThread "container-1" [_thread_blocked, id=23043, stack(0x00007000018e2000,0x00007000019e2000)]
  0x00007fa8c59e7800 JavaThread "ContainerBackgroundProcessor[StandardEngine[Tomcat-1]]" daemon [_thread_blocked, id=22531, stack(0x00007000017df000,0x00007000018df000)]
  0x00007fa8c52db000 JavaThread "container-0" [_thread_blocked, id=22019, stack(0x00007000014d6000,0x00007000015d6000)]
  0x00007fa8c40d9000 JavaThread "ContainerBackgroundProcessor[StandardEngine[Tomcat]]" daemon [_thread_blocked, id=21507, stack(0x00007000013d3000,0x00007000014d3000)]
  0x00007fa8c505f800 JavaThread "Monitor Ctrl-Break" daemon [_thread_in_native, id=19459, stack(0x0000700000fc7000,0x00007000010c7000)]
  0x00007fa8c480e800 JavaThread "Service Thread" daemon [_thread_blocked, id=18435, stack(0x0000700000dc1000,0x0000700000ec1000)]
  0x00007fa8c504e800 JavaThread "C1 CompilerThread2" daemon [_thread_blocked, id=17923, stack(0x0000700000cbe000,0x0000700000dbe000)]
  0x00007fa8c503d800 JavaThread "C2 CompilerThread1" daemon [_thread_blocked, id=17411, stack(0x0000700000bbb000,0x0000700000cbb000)]
  0x00007fa8c503d000 JavaThread "C2 CompilerThread0" daemon [_thread_blocked, id=16899, stack(0x0000700000ab8000,0x0000700000bb8000)]
  0x00007fa8c5031800 JavaThread "Signal Dispatcher" daemon [_thread_blocked, id=14607, stack(0x00007000009b5000,0x0000700000ab5000)]
  0x00007fa8c4832000 JavaThread "Finalizer" daemon [_thread_blocked, id=12803, stack(0x000070000082f000,0x000070000092f000)]
  0x00007fa8c4831800 JavaThread "Reference Handler" daemon [_thread_blocked, id=12291, stack(0x000070000072c000,0x000070000082c000)]
  0x00007fa8c400a800 JavaThread "main" [_thread_blocked, id=6403, stack(0x000070000011a000,0x000070000021a000)]

Other Threads:
  0x00007fa8c4831000 VMThread [stack: 0x0000700000629000,0x0000700000729000] [id=11779]
  0x00007fa8c400c000 WatcherThread [stack: 0x0000700000ec4000,0x0000700000fc4000] [id=18947]

VM state:not at safepoint (normal execution)

VM Mutex/Monitor currently owned by a thread: None

Heap:
 PSYoungGen      total 282624K, used 156907K [0x0000000795580000, 0x00000007ad380000, 0x00000007c0000000)
  eden space 259584K, 52% used [0x0000000795580000,0x000000079da97398,0x00000007a5300000)
  from space 23040K, 89% used [0x00000007a6c00000,0x00000007a8023928,0x00000007a8280000)
  to   space 25600K, 0% used [0x00000007a5300000,0x00000007a5300000,0x00000007a6c00000)
 ParOldGen       total 132096K, used 35851K [0x0000000740000000, 0x0000000748100000, 0x0000000795580000)
  object space 132096K, 27% used [0x0000000740000000,0x0000000742302c00,0x0000000748100000)
 Metaspace       used 51327K, capacity 52302K, committed 52480K, reserved 1095680K
  class space    used 6332K, capacity 6562K, committed 6656K, reserved 1048576K

Card table byte_map: [0x000000011eb29000,0x000000011ef2a000] byte_map_base: 0x000000011b129000

Marking Bits: (ParMarkBitMap*) 0x000000010f0c27a0
 Begin Bits: [0x000000011f1d5000, 0x00000001211d5000)
 End Bits:   [0x00000001211d5000, 0x00000001231d5000)

Polling page: 0x000000010de7c000

CodeCache: size=245760Kb used=17971Kb max_used=18254Kb free=227788Kb
 bounds [0x000000010f769000, 0x0000000110979000, 0x000000011e769000]
 total_blobs=6577 nmethods=6107 adapters=382
 compilation: enabled

Compilation events (10 events):
Event: 35.442 Thread 0x00007fa8c503d800 nmethod 7103 0x0000000110712290 code [0x0000000110712400, 0x0000000110712638]
Event: 35.442 Thread 0x00007fa8c503d800 7106       4       java.lang.Class::getClassLoader (28 bytes)
Event: 35.442 Thread 0x00007fa8c503d800 nmethod 7106 0x000000010fa983d0 code [0x000000010fa98520, 0x000000010fa985b8]
Event: 35.442 Thread 0x00007fa8c503d800 7107   !   4       java.nio.charset.Charset::defaultCharset (65 bytes)
Event: 35.443 Thread 0x00007fa8c503d800 nmethod 7107 0x000000010fbc4450 code [0x000000010fbc45a0, 0x000000010fbc4618]
Event: 35.443 Thread 0x00007fa8c503d000 nmethod 7105 0x000000010fbbc510 code [0x000000010fbbc680, 0x000000010fbbc7d8]
Event: 35.444 Thread 0x00007fa8c504e800 7108       3       java.lang.ClassLoader$3::run (18 bytes)
Event: 35.445 Thread 0x00007fa8c504e800 nmethod 7108 0x000000010fbbc010 code [0x000000010fbbc180, 0x000000010fbbc388]
Event: 35.449 Thread 0x00007fa8c503d800 7109       4       java.util.regex.Pattern$BranchConn::match (11 bytes)
Event: 35.449 Thread 0x00007fa8c503d800 nmethod 7109 0x000000010fa56d10 code [0x000000010fa56e60, 0x000000010fa56ef8]

GC Heap History (10 events):
Event: 3.166 GC heap before
{Heap before GC invocations=6 (full 1):
 PSYoungGen      total 138240K, used 5118K [0x0000000795580000, 0x00000007a7280000, 0x00000007c0000000)
  eden space 133120K, 0% used [0x0000000795580000,0x0000000795580000,0x000000079d780000)
  from space 5120K, 99% used [0x000000079d780000,0x000000079dc7f880,0x000000079dc80000)
  to   space 12800K, 0% used [0x00000007a6600000,0x00000007a6600000,0x00000007a7280000)
 ParOldGen       total 87552K, used 16525K [0x0000000740000000, 0x0000000745580000, 0x0000000795580000)
  object space 87552K, 18% used [0x0000000740000000,0x0000000741023510,0x0000000745580000)
 Metaspace       used 20727K, capacity 21150K, committed 21296K, reserved 1069056K
  class space    used 2516K, capacity 2643K, committed 2688K, reserved 1048576K
Event: 3.279 GC heap after
Heap after GC invocations=6 (full 1):
 PSYoungGen      total 138240K, used 0K [0x0000000795580000, 0x00000007a7280000, 0x00000007c0000000)
  eden space 133120K, 0% used [0x0000000795580000,0x0000000795580000,0x000000079d780000)
  from space 5120K, 0% used [0x000000079d780000,0x000000079d780000,0x000000079dc80000)
  to   space 12800K, 0% used [0x00000007a6600000,0x00000007a6600000,0x00000007a7280000)
 ParOldGen       total 78336K, used 16690K [0x0000000740000000, 0x0000000744c80000, 0x0000000795580000)
  object space 78336K, 21% used [0x0000000740000000,0x000000074104c830,0x0000000744c80000)
 Metaspace       used 20727K, capacity 21150K, committed 21296K, reserved 1069056K
  class space    used 2516K, capacity 2643K, committed 2688K, reserved 1048576K
}
Event: 5.145 GC heap before
{Heap before GC invocations=7 (full 1):
 PSYoungGen      total 138240K, used 133120K [0x0000000795580000, 0x00000007a7280000, 0x00000007c0000000)
  eden space 133120K, 100% used [0x0000000795580000,0x000000079d780000,0x000000079d780000)
  from space 5120K, 0% used [0x000000079d780000,0x000000079d780000,0x000000079dc80000)
  to   space 12800K, 0% used [0x00000007a6600000,0x00000007a6600000,0x00000007a7280000)
 ParOldGen       total 78336K, used 16690K [0x0000000740000000, 0x0000000744c80000, 0x0000000795580000)
  object space 78336K, 21% used [0x0000000740000000,0x000000074104c830,0x0000000744c80000)
 Metaspace       used 28497K, capacity 29194K, committed 29568K, reserved 1075200K
  class space    used 3494K, capacity 3635K, committed 3712K, reserved 1048576K
Event: 5.172 GC heap after
Heap after GC invocations=7 (full 1):
 PSYoungGen      total 195072K, used 12796K [0x0000000795580000, 0x00000007a7280000, 0x00000007c0000000)
  eden space 182272K, 0% used [0x0000000795580000,0x0000000795580000,0x00000007a0780000)
  from space 12800K, 99% used [0x00000007a6600000,0x00000007a727f0e8,0x00000007a7280000)
  to   space 17920K, 0% used [0x00000007a4f80000,0x00000007a4f80000,0x00000007a6100000)
 ParOldGen       total 78336K, used 22511K [0x0000000740000000, 0x0000000744c80000, 0x0000000795580000)
  object space 78336K, 28% used [0x0000000740000000,0x00000007415fbdb0,0x0000000744c80000)
 Metaspace       used 28497K, capacity 29194K, committed 29568K, reserved 1075200K
  class space    used 3494K, capacity 3635K, committed 3712K, reserved 1048576K
}
Event: 5.681 GC heap before
{Heap before GC invocations=8 (full 1):
 PSYoungGen      total 195072K, used 60024K [0x0000000795580000, 0x00000007a7280000, 0x00000007c0000000)
  eden space 182272K, 25% used [0x0000000795580000,0x000000079839ef28,0x00000007a0780000)
  from space 12800K, 99% used [0x00000007a6600000,0x00000007a727f0e8,0x00000007a7280000)
  to   space 17920K, 0% used [0x00000007a4f80000,0x00000007a4f80000,0x00000007a6100000)
 ParOldGen       total 78336K, used 22511K [0x0000000740000000, 0x0000000744c80000, 0x0000000795580000)
  object space 78336K, 28% used [0x0000000740000000,0x00000007415fbdb0,0x0000000744c80000)
 Metaspace       used 34570K, capacity 35278K, committed 35456K, reserved 1081344K
  class space    used 4250K, capacity 4425K, committed 4480K, reserved 1048576K
Event: 5.706 GC heap after
Heap after GC invocations=8 (full 1):
 PSYoungGen      total 273920K, used 17917K [0x0000000795580000, 0x00000007a8280000, 0x00000007c0000000)
  eden space 256000K, 0% used [0x0000000795580000,0x0000000795580000,0x00000007a4f80000)
  from space 17920K, 99% used [0x00000007a4f80000,0x00000007a60ff5b0,0x00000007a6100000)
  to   space 23040K, 0% used [0x00000007a6c00000,0x00000007a6c00000,0x00000007a8280000)
 ParOldGen       total 78336K, used 27046K [0x0000000740000000, 0x0000000744c80000, 0x0000000795580000)
  object space 78336K, 34% used [0x0000000740000000,0x0000000741a69bb0,0x0000000744c80000)
 Metaspace       used 34570K, capacity 35278K, committed 35456K, reserved 1081344K
  class space    used 4250K, capacity 4425K, committed 4480K, reserved 1048576K
}
Event: 5.706 GC heap before
{Heap before GC invocations=9 (full 2):
 PSYoungGen      total 273920K, used 17917K [0x0000000795580000, 0x00000007a8280000, 0x00000007c0000000)
  eden space 256000K, 0% used [0x0000000795580000,0x0000000795580000,0x00000007a4f80000)
  from space 17920K, 99% used [0x00000007a4f80000,0x00000007a60ff5b0,0x00000007a6100000)
  to   space 23040K, 0% used [0x00000007a6c00000,0x00000007a6c00000,0x00000007a8280000)
 ParOldGen       total 78336K, used 27046K [0x0000000740000000, 0x0000000744c80000, 0x0000000795580000)
  object space 78336K, 34% used [0x0000000740000000,0x0000000741a69bb0,0x0000000744c80000)
 Metaspace       used 34570K, capacity 35278K, committed 35456K, reserved 1081344K
  class space    used 4250K, capacity 4425K, committed 4480K, reserved 1048576K
Event: 5.853 GC heap after
Heap after GC invocations=9 (full 2):
 PSYoungGen      total 273920K, used 0K [0x0000000795580000, 0x00000007a8280000, 0x00000007c0000000)
  eden space 256000K, 0% used [0x0000000795580000,0x0000000795580000,0x00000007a4f80000)
  from space 17920K, 0% used [0x00000007a4f80000,0x00000007a4f80000,0x00000007a6100000)
  to   space 23040K, 0% used [0x00000007a6c00000,0x00000007a6c00000,0x00000007a8280000)
 ParOldGen       total 132096K, used 35843K [0x0000000740000000, 0x0000000748100000, 0x0000000795580000)
  object space 132096K, 27% used [0x0000000740000000,0x0000000742300c00,0x0000000748100000)
 Metaspace       used 34570K, capacity 35278K, committed 35456K, reserved 1081344K
  class space    used 4250K, capacity 4425K, committed 4480K, reserved 1048576K
}
Event: 9.365 GC heap before
{Heap before GC invocations=10 (full 2):
 PSYoungGen      total 273920K, used 256000K [0x0000000795580000, 0x00000007a8280000, 0x00000007c0000000)
  eden space 256000K, 100% used [0x0000000795580000,0x00000007a4f80000,0x00000007a4f80000)
  from space 17920K, 0% used [0x00000007a4f80000,0x00000007a4f80000,0x00000007a6100000)
  to   space 23040K, 0% used [0x00000007a6c00000,0x00000007a6c00000,0x00000007a8280000)
 ParOldGen       total 132096K, used 35843K [0x0000000740000000, 0x0000000748100000, 0x0000000795580000)
  object space 132096K, 27% used [0x0000000740000000,0x0000000742300c00,0x0000000748100000)
 Metaspace       used 47610K, capacity 48424K, committed 48896K, reserved 1091584K
  class space    used 5870K, capacity 6073K, committed 6144K, reserved 1048576K
Event: 9.398 GC heap after
Heap after GC invocations=10 (full 2):
 PSYoungGen      total 282624K, used 20622K [0x0000000795580000, 0x00000007ad380000, 0x00000007c0000000)
  eden space 259584K, 0% used [0x0000000795580000,0x0000000795580000,0x00000007a5300000)
  from space 23040K, 89% used [0x00000007a6c00000,0x00000007a8023928,0x00000007a8280000)
  to   space 25600K, 0% used [0x00000007a5300000,0x00000007a5300000,0x00000007a6c00000)
 ParOldGen       total 132096K, used 35851K [0x0000000740000000, 0x0000000748100000, 0x0000000795580000)
  object space 132096K, 27% used [0x0000000740000000,0x0000000742302c00,0x0000000748100000)
 Metaspace       used 47610K, capacity 48424K, committed 48896K, reserved 1091584K
  class space    used 5870K, capacity 6073K, committed 6144K, reserved 1048576K
}

Deoptimization events (10 events):
Event: 31.036 Thread 0x00007fa8c8b4b000 Uncommon trap: reason=class_check action=maybe_recompile pc=0x00000001106939d8 method=java.util.AbstractList$Itr.hasNext()Z @ 8
Event: 31.036 Thread 0x00007fa8c8b4b000 Uncommon trap: reason=bimorphic action=maybe_recompile pc=0x000000010ffc7e50 method=java.util.AbstractList$Itr.next()Ljava/lang/Object; @ 14
Event: 31.046 Thread 0x00007fa8c8b4b000 Uncommon trap: reason=class_check action=maybe_recompile pc=0x00000001106939d8 method=java.util.AbstractList$Itr.hasNext()Z @ 8
Event: 31.046 Thread 0x00007fa8c8b4b000 Uncommon trap: reason=bimorphic action=maybe_recompile pc=0x000000010ffc7e50 method=java.util.AbstractList$Itr.next()Ljava/lang/Object; @ 14
Event: 31.056 Thread 0x00007fa8c8b4b000 Uncommon trap: reason=class_check action=maybe_recompile pc=0x00000001106939d8 method=java.util.AbstractList$Itr.hasNext()Z @ 8
Event: 31.056 Thread 0x00007fa8c8b4b000 Uncommon trap: reason=bimorphic action=maybe_recompile pc=0x000000010ffc7e50 method=java.util.AbstractList$Itr.next()Ljava/lang/Object; @ 14
Event: 31.057 Thread 0x00007fa8c8b4b000 Uncommon trap: reason=bimorphic action=maybe_recompile pc=0x000000010ffc7e50 method=java.util.AbstractList$Itr.next()Ljava/lang/Object; @ 14
Event: 31.093 Thread 0x00007fa8c8b4b000 Uncommon trap: reason=unstable_if action=reinterpret pc=0x00000001106fc35c method=java.util.Properties.load0(Ljava/util/Properties$LineReader;)V @ 80
Event: 31.093 Thread 0x00007fa8c8b4b000 Uncommon trap: reason=unstable_if action=reinterpret pc=0x000000011046a1e8 method=java.util.Properties.load0(Ljava/util/Properties$LineReader;)V @ 80
Event: 31.100 Thread 0x00007fa8c8b4b000 Uncommon trap: reason=unstable_if action=reinterpret pc=0x00000001108e8500 method=java.util.concurrent.locks.AbstractQueuedSynchronizer.release(I)Z @ 14

Internal exceptions (10 events):
Event: 30.988 Thread 0x00007fa8c8b4b000 Exception <a 'java/lang/ClassNotFoundException': java/lang/ObjectCustomizer> (0x000000079d0a11e0) thrown at [/Users/java_re/workspace/8-2-build-macosx-x86_64/jdk8u40/3153/hotspot/src/share/vm/classfile/systemDictionary.cpp, line 210]
Event: 30.988 Thread 0x00007fa8c8b4b000 Exception <a 'java/lang/ClassNotFoundException': org/springframework/web/servlet/view/DefaultRequestToViewNameTranslatorCustomizer> (0x000000079d0b6870) thrown at [/Users/java_re/workspace/8-2-build-macosx-x86_64/jdk8u40/3153/hotspot/src/share/vm/classfil
Event: 30.989 Thread 0x00007fa8c8b4b000 Exception <a 'java/lang/ClassNotFoundException': org/springframework/web/servlet/RequestToViewNameTranslatorCustomizer> (0x000000079d0d87a0) thrown at [/Users/java_re/workspace/8-2-build-macosx-x86_64/jdk8u40/3153/hotspot/src/share/vm/classfile/systemDict
Event: 30.993 Thread 0x00007fa8c8b4b000 Exception <a 'java/lang/ClassNotFoundException': java/lang/ObjectCustomizer> (0x000000079d115500) thrown at [/Users/java_re/workspace/8-2-build-macosx-x86_64/jdk8u40/3153/hotspot/src/share/vm/classfile/systemDictionary.cpp, line 210]
Event: 30.994 Thread 0x00007fa8c8b4b000 Exception <a 'java/lang/ClassNotFoundException': org/springframework/web/servlet/support/AbstractFlashMapManagerCustomizer> (0x000000079d129a50) thrown at [/Users/java_re/workspace/8-2-build-macosx-x86_64/jdk8u40/3153/hotspot/src/share/vm/classfile/system
Event: 30.995 Thread 0x00007fa8c8b4b000 Exception <a 'java/lang/ClassNotFoundException': org/springframework/web/servlet/support/SessionFlashMapManagerCustomizer> (0x000000079d141e38) thrown at [/Users/java_re/workspace/8-2-build-macosx-x86_64/jdk8u40/3153/hotspot/src/share/vm/classfile/systemD
Event: 30.995 Thread 0x00007fa8c8b4b000 Exception <a 'java/lang/ClassNotFoundException': org/springframework/web/servlet/FlashMapManagerCustomizer> (0x000000079d153680) thrown at [/Users/java_re/workspace/8-2-build-macosx-x86_64/jdk8u40/3153/hotspot/src/share/vm/classfile/systemDictionary.cpp, 
Event: 31.022 Thread 0x00007fa8c8b4b000 Implicit null exception at 0x000000011091be7d to 0x0000000110926909
Event: 31.400 Thread 0x00007fa8c76e1800 Exception <a 'java/io/FileNotFoundException'> (0x000000079d8ca150) thrown at [/Users/java_re/workspace/8-2-build-macosx-x86_64/jdk8u40/3153/hotspot/src/share/vm/prims/jni.cpp, line 709]
Event: 31.400 Thread 0x00007fa8c76e1800 Exception <a 'java/io/FileNotFoundException'> (0x000000079d8cafa8) thrown at [/Users/java_re/workspace/8-2-build-macosx-x86_64/jdk8u40/3153/hotspot/src/share/vm/prims/jni.cpp, line 709]

Events (10 events):
Event: 35.444 Executing VM operation: RevokeBias done
Event: 35.447 Executing VM operation: RevokeBias
Event: 35.447 Executing VM operation: RevokeBias done
Event: 35.447 loading class com/google/gson/internal/Streams
Event: 35.447 loading class com/google/gson/internal/Streams done
Event: 35.448 loading class com/google/gson/internal/Streams$AppendableWriter
Event: 35.448 loading class com/google/gson/internal/Streams$AppendableWriter done
Event: 35.449 loading class com/google/gson/internal/$Gson$Preconditions
Event: 35.449 loading class com/google/gson/internal/$Gson$Preconditions done
Event: 35.450 Thread 0x00007fa8c503d800 flushing nmethod 0x000000010f905290


Dynamic libraries:
0x0000000001b3c000 	/System/Library/Frameworks/Cocoa.framework/Versions/A/Cocoa
0x0000000001b3c000 	/System/Library/Frameworks/Security.framework/Versions/A/Security
0x0000000001b3c000 	/System/Library/Frameworks/ApplicationServices.framework/Versions/A/ApplicationServices
0x0000000001b3c000 	/usr/lib/libz.1.dylib
0x0000000001b3c000 	/usr/lib/libSystem.B.dylib
0x0000000001b3c000 	/usr/lib/libobjc.A.dylib
0x0000000001b3c000 	/System/Library/Frameworks/CoreFoundation.framework/Versions/A/CoreFoundation
0x0000000001b3c000 	/System/Library/Frameworks/Foundation.framework/Versions/C/Foundation
0x0000000001b3c000 	/System/Library/Frameworks/AppKit.framework/Versions/C/AppKit
0x0000000001b3c000 	/System/Library/Frameworks/CoreData.framework/Versions/A/CoreData
0x0000000001b3c000 	/System/Library/PrivateFrameworks/RemoteViewServices.framework/Versions/A/RemoteViewServices
0x0000000001b3c000 	/System/Library/PrivateFrameworks/UIFoundation.framework/Versions/A/UIFoundation
0x0000000001b3c000 	/usr/lib/libScreenReader.dylib
0x0000000001b3c000 	/System/Library/Frameworks/Accelerate.framework/Versions/A/Accelerate
0x0000000001b3c000 	/System/Library/Frameworks/IOSurface.framework/Versions/A/IOSurface
0x0000000001b3c000 	/System/Library/Frameworks/AudioToolbox.framework/Versions/A/AudioToolbox
0x0000000001b3c000 	/System/Library/Frameworks/AudioUnit.framework/Versions/A/AudioUnit
0x0000000001b3c000 	/System/Library/PrivateFrameworks/DataDetectorsCore.framework/Versions/A/DataDetectorsCore
0x0000000001b3c000 	/System/Library/PrivateFrameworks/DesktopServicesPriv.framework/Versions/A/DesktopServicesPriv
0x0000000001b3c000 	/System/Library/Frameworks/Carbon.framework/Versions/A/Frameworks/HIToolbox.framework/Versions/A/HIToolbox
0x0000000001b3c000 	/System/Library/Frameworks/QuartzCore.framework/Versions/A/QuartzCore
0x0000000001b3c000 	/System/Library/Frameworks/Carbon.framework/Versions/A/Frameworks/SpeechRecognition.framework/Versions/A/SpeechRecognition
0x0000000001b3c000 	/usr/lib/libauto.dylib
0x0000000001b3c000 	/usr/lib/libicucore.A.dylib
0x0000000001b3c000 	/usr/lib/libxml2.2.dylib
0x0000000001b3c000 	/System/Library/PrivateFrameworks/CoreUI.framework/Versions/A/CoreUI
0x0000000001b3c000 	/System/Library/Frameworks/CoreAudio.framework/Versions/A/CoreAudio
0x0000000001b3c000 	/System/Library/Frameworks/DiskArbitration.framework/Versions/A/DiskArbitration
0x0000000001b3c000 	/usr/lib/liblangid.dylib
0x0000000001b3c000 	/System/Library/PrivateFrameworks/MultitouchSupport.framework/Versions/A/MultitouchSupport
0x0000000001b3c000 	/System/Library/Frameworks/IOKit.framework/Versions/A/IOKit
0x0000000001b3c000 	/usr/lib/libDiagnosticMessagesClient.dylib
0x0000000001b3c000 	/System/Library/Frameworks/CoreServices.framework/Versions/A/CoreServices
0x0000000001b3c000 	/System/Library/PrivateFrameworks/PerformanceAnalysis.framework/Versions/A/PerformanceAnalysis
0x0000000001b3c000 	/System/Library/PrivateFrameworks/GenerationalStorage.framework/Versions/A/GenerationalStorage
0x0000000001b3c000 	/System/Library/Frameworks/OpenGL.framework/Versions/A/OpenGL
0x0000000001b3c000 	/System/Library/PrivateFrameworks/Sharing.framework/Versions/A/Sharing
0x0000000001b3c000 	/System/Library/Frameworks/CoreGraphics.framework/Versions/A/CoreGraphics
0x0000000001b3c000 	/System/Library/Frameworks/CoreImage.framework/Versions/A/CoreImage
0x0000000001b3c000 	/System/Library/Frameworks/CoreText.framework/Versions/A/CoreText
0x0000000001b3c000 	/System/Library/Frameworks/ImageIO.framework/Versions/A/ImageIO
0x0000000001b3c000 	/System/Library/PrivateFrameworks/Backup.framework/Versions/A/Backup
0x0000000001b3c000 	/usr/lib/libextension.dylib
0x0000000001b3c000 	/usr/lib/libarchive.2.dylib
0x0000000001b3c000 	/System/Library/Frameworks/CFNetwork.framework/Versions/A/CFNetwork
0x0000000001b3c000 	/System/Library/Frameworks/SystemConfiguration.framework/Versions/A/SystemConfiguration
0x0000000001b3c000 	/usr/lib/libCRFSuite.dylib
0x0000000001b3c000 	/usr/lib/libc++.1.dylib
0x0000000001b3c000 	/usr/lib/libc++abi.dylib
0x0000000001b3c000 	/usr/lib/system/libcache.dylib
0x0000000001b3c000 	/usr/lib/system/libcommonCrypto.dylib
0x0000000001b3c000 	/usr/lib/system/libcompiler_rt.dylib
0x0000000001b3c000 	/usr/lib/system/libcopyfile.dylib
0x0000000001b3c000 	/usr/lib/system/libcorecrypto.dylib
0x0000000001b3c000 	/usr/lib/system/libdispatch.dylib
0x0000000001b3c000 	/usr/lib/system/libdyld.dylib
0x0000000001b3c000 	/usr/lib/system/libkeymgr.dylib
0x0000000001b3c000 	/usr/lib/system/liblaunch.dylib
0x0000000001b3c000 	/usr/lib/system/libmacho.dylib
0x0000000001b3c000 	/usr/lib/system/libquarantine.dylib
0x0000000001b3c000 	/usr/lib/system/libremovefile.dylib
0x0000000001b3c000 	/usr/lib/system/libsystem_asl.dylib
0x0000000001b3c000 	/usr/lib/system/libsystem_blocks.dylib
0x0000000001b3c000 	/usr/lib/system/libsystem_c.dylib
0x0000000001b3c000 	/usr/lib/system/libsystem_configuration.dylib
0x0000000001b3c000 	/usr/lib/system/libsystem_coreservices.dylib
0x0000000001b3c000 	/usr/lib/system/libsystem_coretls.dylib
0x0000000001b3c000 	/usr/lib/system/libsystem_dnssd.dylib
0x0000000001b3c000 	/usr/lib/system/libsystem_info.dylib
0x0000000001b3c000 	/usr/lib/system/libsystem_kernel.dylib
0x0000000001b3c000 	/usr/lib/system/libsystem_m.dylib
0x0000000001b3c000 	/usr/lib/system/libsystem_malloc.dylib
0x0000000001b3c000 	/usr/lib/system/libsystem_network.dylib
0x0000000001b3c000 	/usr/lib/system/libsystem_networkextension.dylib
0x0000000001b3c000 	/usr/lib/system/libsystem_notify.dylib
0x0000000001b3c000 	/usr/lib/system/libsystem_platform.dylib
0x0000000001b3c000 	/usr/lib/system/libsystem_pthread.dylib
0x0000000001b3c000 	/usr/lib/system/libsystem_sandbox.dylib
0x0000000001b3c000 	/usr/lib/system/libsystem_secinit.dylib
0x0000000001b3c000 	/usr/lib/system/libsystem_trace.dylib
0x0000000001b3c000 	/usr/lib/system/libunc.dylib
0x0000000001b3c000 	/usr/lib/system/libunwind.dylib
0x0000000001b3c000 	/usr/lib/system/libxpc.dylib
0x0000000001b3c000 	/usr/lib/libenergytrace.dylib
0x0000000001b3c000 	/usr/lib/libbsm.0.dylib
0x0000000001b3c000 	/usr/lib/system/libkxld.dylib
0x0000000001b3c000 	/usr/lib/libxar.1.dylib
0x0000000001b3c000 	/usr/lib/libsqlite3.dylib
0x0000000001b3c000 	/usr/lib/libpam.2.dylib
0x0000000001b3c000 	/usr/lib/libOpenScriptingUtil.dylib
0x0000000001b3c000 	/usr/lib/libbz2.1.0.dylib
0x0000000001b3c000 	/usr/lib/liblzma.5.dylib
0x0000000001b3c000 	/System/Library/Frameworks/CoreServices.framework/Versions/A/Frameworks/FSEvents.framework/Versions/A/FSEvents
0x0000000001b3c000 	/System/Library/Frameworks/CoreServices.framework/Versions/A/Frameworks/CarbonCore.framework/Versions/A/CarbonCore
0x0000000001b3c000 	/System/Library/Frameworks/CoreServices.framework/Versions/A/Frameworks/Metadata.framework/Versions/A/Metadata
0x0000000001b3c000 	/System/Library/Frameworks/CoreServices.framework/Versions/A/Frameworks/OSServices.framework/Versions/A/OSServices
0x0000000001b3c000 	/System/Library/Frameworks/CoreServices.framework/Versions/A/Frameworks/SearchKit.framework/Versions/A/SearchKit
0x0000000001b3c000 	/System/Library/Frameworks/CoreServices.framework/Versions/A/Frameworks/AE.framework/Versions/A/AE
0x0000000001b3c000 	/System/Library/Frameworks/CoreServices.framework/Versions/A/Frameworks/LaunchServices.framework/Versions/A/LaunchServices
0x0000000001b3c000 	/System/Library/Frameworks/CoreServices.framework/Versions/A/Frameworks/DictionaryServices.framework/Versions/A/DictionaryServices
0x0000000001b3c000 	/System/Library/Frameworks/CoreServices.framework/Versions/A/Frameworks/SharedFileList.framework/Versions/A/SharedFileList
0x0000000001b3c000 	/System/Library/Frameworks/NetFS.framework/Versions/A/NetFS
0x0000000001b3c000 	/System/Library/PrivateFrameworks/NetAuth.framework/Versions/A/NetAuth
0x0000000001b3c000 	/System/Library/PrivateFrameworks/login.framework/Versions/A/Frameworks/loginsupport.framework/Versions/A/loginsupport
0x0000000001b3c000 	/System/Library/PrivateFrameworks/TCC.framework/Versions/A/TCC
0x0000000001b3c000 	/usr/lib/libmecabra.dylib
0x0000000001b3c000 	/System/Library/Frameworks/ApplicationServices.framework/Versions/A/Frameworks/ATS.framework/Versions/A/ATS
0x0000000001b3c000 	/System/Library/Frameworks/ApplicationServices.framework/Versions/A/Frameworks/ColorSync.framework/Versions/A/ColorSync
0x0000000001b3c000 	/System/Library/Frameworks/ApplicationServices.framework/Versions/A/Frameworks/HIServices.framework/Versions/A/HIServices
0x0000000001b3c000 	/System/Library/Frameworks/ApplicationServices.framework/Versions/A/Frameworks/LangAnalysis.framework/Versions/A/LangAnalysis
0x0000000001b3c000 	/System/Library/Frameworks/ApplicationServices.framework/Versions/A/Frameworks/PrintCore.framework/Versions/A/PrintCore
0x0000000001b3c000 	/System/Library/Frameworks/ApplicationServices.framework/Versions/A/Frameworks/QD.framework/Versions/A/QD
0x0000000001b3c000 	/System/Library/Frameworks/ApplicationServices.framework/Versions/A/Frameworks/SpeechSynthesis.framework/Versions/A/SpeechSynthesis
0x0000000001b3c000 	/System/Library/Frameworks/Metal.framework/Versions/A/Metal
0x0000000001b3c000 	/System/Library/Frameworks/Accelerate.framework/Versions/A/Frameworks/vImage.framework/Versions/A/vImage
0x0000000001b3c000 	/System/Library/Frameworks/Accelerate.framework/Versions/A/Frameworks/vecLib.framework/Versions/A/vecLib
0x0000000001b3c000 	/System/Library/Frameworks/Accelerate.framework/Versions/A/Frameworks/vecLib.framework/Versions/A/libvDSP.dylib
0x0000000001b3c000 	/System/Library/Frameworks/Accelerate.framework/Versions/A/Frameworks/vecLib.framework/Versions/A/libvMisc.dylib
0x0000000001b3c000 	/System/Library/Frameworks/Accelerate.framework/Versions/A/Frameworks/vecLib.framework/Versions/A/libLAPACK.dylib
0x0000000001b3c000 	/System/Library/Frameworks/Accelerate.framework/Versions/A/Frameworks/vecLib.framework/Versions/A/libBLAS.dylib
0x0000000001b3c000 	/System/Library/Frameworks/Accelerate.framework/Versions/A/Frameworks/vecLib.framework/Versions/A/libLinearAlgebra.dylib
0x0000000001b3c000 	/System/Library/Frameworks/Accelerate.framework/Versions/A/Frameworks/vecLib.framework/Versions/A/libSparseBLAS.dylib
0x0000000001b3c000 	/System/Library/PrivateFrameworks/GPUCompiler.framework/libmetal_timestamp.dylib
0x0000000001b3c000 	/System/Library/Frameworks/OpenGL.framework/Versions/A/Libraries/libCoreFSCache.dylib
0x0000000001b3c000 	/System/Library/PrivateFrameworks/IOAccelerator.framework/Versions/A/IOAccelerator
0x0000000001b3c000 	/System/Library/Frameworks/ApplicationServices.framework/Versions/A/Frameworks/ATS.framework/Versions/A/Resources/libFontParser.dylib
0x0000000001b3c000 	/System/Library/Frameworks/ApplicationServices.framework/Versions/A/Frameworks/ATS.framework/Versions/A/Resources/libFontRegistry.dylib
0x0000000001b3c000 	/System/Library/PrivateFrameworks/AppleVPA.framework/Versions/A/AppleVPA
0x0000000001b3c000 	/System/Library/PrivateFrameworks/AppleJPEG.framework/Versions/A/AppleJPEG
0x0000000001b3c000 	/System/Library/Frameworks/ImageIO.framework/Versions/A/Resources/libJPEG.dylib
0x0000000001b3c000 	/System/Library/Frameworks/ImageIO.framework/Versions/A/Resources/libTIFF.dylib
0x0000000001b3c000 	/System/Library/Frameworks/ImageIO.framework/Versions/A/Resources/libPng.dylib
0x0000000001b3c000 	/System/Library/Frameworks/ImageIO.framework/Versions/A/Resources/libGIF.dylib
0x0000000001b3c000 	/System/Library/Frameworks/ImageIO.framework/Versions/A/Resources/libJP2.dylib
0x0000000001b3c000 	/System/Library/Frameworks/ImageIO.framework/Versions/A/Resources/libRadiance.dylib
0x0000000001b3c000 	/System/Library/Frameworks/CoreVideo.framework/Versions/A/CoreVideo
0x0000000001b3c000 	/System/Library/Frameworks/OpenGL.framework/Versions/A/Libraries/libGLU.dylib
0x0000000001b3c000 	/System/Library/Frameworks/OpenGL.framework/Versions/A/Libraries/libGFXShared.dylib
0x0000000001b3c000 	/System/Library/Frameworks/OpenGL.framework/Versions/A/Libraries/libGL.dylib
0x0000000001b3c000 	/System/Library/Frameworks/OpenGL.framework/Versions/A/Libraries/libGLImage.dylib
0x0000000001b3c000 	/System/Library/Frameworks/OpenGL.framework/Versions/A/Libraries/libCVMSPluginSupport.dylib
0x0000000001b3c000 	/System/Library/Frameworks/OpenGL.framework/Versions/A/Libraries/libCoreVMClient.dylib
0x0000000001b3c000 	/usr/lib/libcompression.dylib
0x0000000001b3c000 	/usr/lib/libcups.2.dylib
0x0000000001b3c000 	/System/Library/Frameworks/Kerberos.framework/Versions/A/Kerberos
0x0000000001b3c000 	/System/Library/Frameworks/GSS.framework/Versions/A/GSS
0x0000000001b3c000 	/usr/lib/libresolv.9.dylib
0x0000000001b3c000 	/usr/lib/libiconv.2.dylib
0x0000000001b3c000 	/System/Library/PrivateFrameworks/Heimdal.framework/Versions/A/Heimdal
0x0000000001b3c000 	/usr/lib/libheimdal-asn1.dylib
0x0000000001b3c000 	/System/Library/Frameworks/OpenDirectory.framework/Versions/A/OpenDirectory
0x0000000001b3c000 	/System/Library/PrivateFrameworks/CommonAuth.framework/Versions/A/CommonAuth
0x0000000001b3c000 	/System/Library/Frameworks/OpenDirectory.framework/Versions/A/Frameworks/CFOpenDirectory.framework/Versions/A/CFOpenDirectory
0x0000000001b3c000 	/System/Library/Frameworks/SecurityFoundation.framework/Versions/A/SecurityFoundation
0x0000000001b3c000 	/System/Library/PrivateFrameworks/LanguageModeling.framework/Versions/A/LanguageModeling
0x0000000001b3c000 	/usr/lib/libmarisa.dylib
0x0000000001b3c000 	/usr/lib/libChineseTokenizer.dylib
0x0000000001b3c000 	/usr/lib/libcmph.dylib
0x0000000001b3c000 	/System/Library/Frameworks/ServiceManagement.framework/Versions/A/ServiceManagement
0x0000000001b3c000 	/usr/lib/libxslt.1.dylib
0x0000000001b3c000 	/System/Library/Frameworks/Carbon.framework/Versions/A/Frameworks/Ink.framework/Versions/A/Ink
0x0000000001b3c000 	/usr/lib/libFosl_dynamic.dylib
0x0000000001b3c000 	/System/Library/PrivateFrameworks/FaceCore.framework/Versions/A/FaceCore
0x0000000001b3c000 	/System/Library/Frameworks/OpenCL.framework/Versions/A/OpenCL
0x0000000001b3c000 	/System/Library/PrivateFrameworks/CrashReporterSupport.framework/Versions/A/CrashReporterSupport
0x0000000001b3c000 	/System/Library/PrivateFrameworks/IconServices.framework/Versions/A/IconServices
0x0000000001b3c000 	/System/Library/PrivateFrameworks/Apple80211.framework/Versions/A/Apple80211
0x0000000001b3c000 	/System/Library/Frameworks/CoreWLAN.framework/Versions/A/CoreWLAN
0x0000000001b3c000 	/System/Library/Frameworks/IOBluetooth.framework/Versions/A/IOBluetooth
0x0000000001b3c000 	/System/Library/PrivateFrameworks/CoreWiFi.framework/Versions/A/CoreWiFi
0x0000000001b3c000 	/System/Library/Frameworks/CoreBluetooth.framework/Versions/A/CoreBluetooth
0x0000000001b3c000 	/System/Library/PrivateFrameworks/ChunkingLibrary.framework/Versions/A/ChunkingLibrary
0x0000000001b3c000 	/System/Library/PrivateFrameworks/DebugSymbols.framework/Versions/A/DebugSymbols
0x0000000001b3c000 	/System/Library/PrivateFrameworks/CoreSymbolication.framework/Versions/A/CoreSymbolication
0x0000000001b3c000 	/System/Library/PrivateFrameworks/Symbolication.framework/Versions/A/Symbolication
0x0000000001b3c000 	/System/Library/PrivateFrameworks/SpeechRecognitionCore.framework/Versions/A/SpeechRecognitionCore
0x000000010ddf1000 	/System/Library/CoreServices/Encodings/libSimplifiedChineseConverter.dylib
0x000000010e800000 	/Library/Java/JavaVirtualMachines/jdk1.8.0_40.jdk/Contents/Home/jre/lib/server/libjvm.dylib
0x0000000001b3c000 	/usr/lib/libstdc++.6.dylib
0x000000010de39000 	/Library/Java/JavaVirtualMachines/jdk1.8.0_40.jdk/Contents/Home/jre/lib/libverify.dylib
0x000000010de47000 	/Library/Java/JavaVirtualMachines/jdk1.8.0_40.jdk/Contents/Home/jre/lib/libjava.dylib
0x000000010de86000 	/Library/Java/JavaVirtualMachines/jdk1.8.0_40.jdk/Contents/Home/jre/lib/libzip.dylib
0x0000000124f6a000 	/System/Library/Frameworks/JavaVM.framework/Frameworks/JavaRuntimeSupport.framework/JavaRuntimeSupport
0x0000000124f85000 	/System/Library/Frameworks/JavaVM.framework/Versions/A/Frameworks/JavaNativeFoundation.framework/Versions/A/JavaNativeFoundation
0x000000010dff1000 	/System/Library/Frameworks/JavaVM.framework/Versions/A/JavaVM
0x0000000001b3c000 	/System/Library/Frameworks/Carbon.framework/Versions/A/Carbon
0x0000000124f9a000 	/System/Library/PrivateFrameworks/JavaLaunching.framework/Versions/A/JavaLaunching
0x0000000001b3c000 	/System/Library/Frameworks/Carbon.framework/Versions/A/Frameworks/CommonPanels.framework/Versions/A/CommonPanels
0x0000000001b3c000 	/System/Library/Frameworks/Carbon.framework/Versions/A/Frameworks/Help.framework/Versions/A/Help
0x0000000001b3c000 	/System/Library/Frameworks/Carbon.framework/Versions/A/Frameworks/ImageCapture.framework/Versions/A/ImageCapture
0x0000000001b3c000 	/System/Library/Frameworks/Carbon.framework/Versions/A/Frameworks/OpenScripting.framework/Versions/A/OpenScripting
0x0000000001b3c000 	/System/Library/Frameworks/Carbon.framework/Versions/A/Frameworks/Print.framework/Versions/A/Print
0x0000000001b3c000 	/System/Library/Frameworks/Carbon.framework/Versions/A/Frameworks/SecurityHI.framework/Versions/A/SecurityHI
0x00000001268c2000 	/Applications/IntelliJ IDEA 15.app/Contents/bin/libbreakgen64.jnilib
0x00000001268c5000 	/Library/Java/JavaVirtualMachines/jdk1.8.0_40.jdk/Contents/Home/jre/lib/libnet.dylib
0x0000000126ac5000 	/Library/Java/JavaVirtualMachines/jdk1.8.0_40.jdk/Contents/Home/jre/lib/libnio.dylib
0x0000000127196000 	/Library/Java/JavaVirtualMachines/jdk1.8.0_40.jdk/Contents/Home/jre/lib/libmanagement.dylib
0x000000012a075000 	/private/var/folders/h7/w71m0lc929v87lj8gs_y9fkc0000gn/T/librocksdbjni1649926687992354994..jnilib

VM Arguments:
jvm_args: -Dmaven.multiModuleProjectDirectory=/Users/moyong/project/env-myopensource/1-spring/12-spring/rocksdb-service -Dmaven.home=/Applications/apache-maven-3.3.9 -Dclassworlds.conf=/Applications/apache-maven-3.3.9/bin/m2.conf -Didea.launcher.port=7540 -Didea.launcher.bin.path=/Applications/IntelliJ IDEA 15.app/Contents/bin -Dfile.encoding=UTF-8 
java_command: com.intellij.rt.execution.application.AppMain org.codehaus.classworlds.Launcher -Didea.version=15.0.6 -s /Applications/apache-maven-3.3.9/conf/settings.xml -Dmaven.repo.local=/Users/moyong/maven/repo org.springframework.boot:spring-boot-maven-plugin:1.5.3.RELEASE:run
java_class_path (initial): /Applications/apache-maven-3.3.9/boot/plexus-classworlds-2.5.2.jar:/Applications/IntelliJ IDEA 15.app/Contents/lib/idea_rt.jar
Launcher Type: SUN_STANDARD

Environment Variables:
JAVA_HOME=/Library/Java/JavaVirtualMachines/jdk1.8.0_40.jdk/Contents/Home
PATH=/usr/local/bin:/usr/local/sbin:/Applications/apache-ant-1.9.4//bin:/Applications/gradle-2.1//bin/:/Applications/android-sdk-macosx//platform-tools/:/Applications/android-sdk-macosx//tools/:/Applications/pig-0.13.0//bin:/Applications/apache-maven-3.3.9/bin:/Applications/apache-storm-0.9.2-incubating//bin:/Applications/apache-flume-1.5.0-bin//bin:/usr/local/bin:/usr/bin:/bin:/usr/sbin:/sbin:/opt/X11/bin:/Users/moyong/Downloads/thunder-download/spark-1.6.1-bin-hadoop2.6//bin/:/Applications/Neo4j Community Edition 3.1.0.app/Contents/Resources/app/bin:/Users/moyong/mygo/bin
SHELL=/bin/bash
DISPLAY=/private/tmp/com.apple.launchd.4C6OcAut2z/org.macosforge.xquartz:0

Signal Handlers:
SIGSEGV: [libjvm.dylib+0x58ef95], sa_mask[0]=11111111011111110111111111111111, sa_flags=SA_ONSTACK|SA_RESTART|SA_SIGINFO
SIGBUS: [libjvm.dylib+0x58ef95], sa_mask[0]=11111111011111110111111111111111, sa_flags=SA_RESTART|SA_SIGINFO
SIGFPE: [libjvm.dylib+0x46c118], sa_mask[0]=11111111011111110111111111111111, sa_flags=SA_RESTART|SA_SIGINFO
SIGPIPE: [libjvm.dylib+0x46c118], sa_mask[0]=11111111011111110111111111111111, sa_flags=SA_RESTART|SA_SIGINFO
SIGXFSZ: [libjvm.dylib+0x46c118], sa_mask[0]=11111111011111110111111111111111, sa_flags=SA_RESTART|SA_SIGINFO
SIGILL: [libjvm.dylib+0x46c118], sa_mask[0]=11111111011111110111111111111111, sa_flags=SA_RESTART|SA_SIGINFO
SIGUSR1: SIG_DFL, sa_mask[0]=00000000000000000000000000000000, sa_flags=none
SIGUSR2: [libjvm.dylib+0x46bc36], sa_mask[0]=00100000000000000000000000000000, sa_flags=SA_RESTART|SA_SIGINFO
SIGHUP: [libjvm.dylib+0x46a209], sa_mask[0]=11111111011111110111111111111111, sa_flags=SA_RESTART|SA_SIGINFO
SIGINT: [libjvm.dylib+0x46a209], sa_mask[0]=11111111011111110111111111111111, sa_flags=SA_RESTART|SA_SIGINFO
SIGTERM: [libjvm.dylib+0x46a209], sa_mask[0]=11111111011111110111111111111111, sa_flags=SA_RESTART|SA_SIGINFO
SIGQUIT: [libjvm.dylib+0x46a209], sa_mask[0]=11111111011111110111111111111111, sa_flags=SA_RESTART|SA_SIGINFO


---------------  S Y S T E M  ---------------

OS:Bsduname:Darwin 15.6.0 Darwin Kernel Version 15.6.0: Fri Feb 17 10:21:18 PST 2017; root:xnu-3248.60.11.4.1~1/RELEASE_X86_64 x86_64
rlimit: STACK 8192k, CORE 0k, NPROC 709, NOFILE 10240, AS infinity
load average:2.88 3.02 3.08

CPU:total 4 (2 cores per cpu, 2 threads per core) family 6 model 69 stepping 1, cmov, cx8, fxsr, mmx, sse, sse2, sse3, ssse3, sse4.1, sse4.2, popcnt, avx, avx2, aes, clmul, erms, rtm, lzcnt, ht, tsc, tscinvbit, bmi1, bmi2

Memory: 4k page, physical 8388608k(323340k free)

/proc/meminfo:


vm_info: Java HotSpot(TM) 64-Bit Server VM (25.40-b25) for bsd-amd64 JRE (1.8.0_40-b27), built on Mar 13 2015 04:46:52 by "java_re" with gcc 4.2.1 (Based on Apple Inc. build 5658) (LLVM build 2336.11.00)

time: Thu May 18 19:53:03 2017
elapsed time: 35 seconds (0d 0h 0m 35s)

